<?xml version="1.0" encoding="utf-8" ?>
<!DOCTYPE html PUBLIC "-//W3C//DTD XHTML 1.0 Strict//EN"
        "http://www.w3.org/TR/xhtml1/DTD/xhtml1-strict.dtd">
<html xmlns="http://www.w3.org/1999/xhtml" xml:lang="" lang="">
<head>
  <title>Test Results Report - test1</title>
  <meta http-equiv="Content-Type" content="text/html;charset=utf-8" />
  <meta name="description" content="TestNG unit test results." />
  <link href="reportng.css" rel="stylesheet" type="text/css" />
    <script type="text/javascript" src="reportng.js"></script>
</head>
<body>
<h1>test1</h1>
<p>
  Test duration: 58.263s
</p>



  <table class="resultsTable">
    <tr><th colspan="3" class="header failed">Failed Tests</th></tr>
          <tr>
        <td colspan="3" class="group">com.first.testcases.LoginTest</td>
      </tr>
            
<tr>
  <td class="method">
                  loginTest01
      </td>
  <td class="duration">
    4.727s
  </td>
  <td class="result">
        
    
            <div class="testOutput">
                        <span style="color:#16A05D"><b>[2018-05-25 01:25:00] [INFO] com.first.utils.TestNGListener: 测试用例开始执行</b></span><br />
                                <span style="color:#16A05D"><b>[2018-05-25 01:25:02] [INFO] com.first.uiframework.DriverUtils: 打开网址</b></span><br />
                                <span style="color:#16A05D"><b>[2018-05-25 01:25:03] [INFO] com.first.uiframework.DriverUtils: 在元素 用户名输入框 输入：admin</b></span><br />
                                <span style="color:#16A05D"><b>[2018-05-25 01:25:03] [INFO] com.first.uiframework.DriverUtils: 在元素 密码输入框 输入：Lv931704912</b></span><br />
                                <span style="color:#16A05D"><b>[2018-05-25 01:25:03] [INFO] com.first.uiframework.DriverUtils: 点击元素 登录按钮</b></span><br />
                                <span style="color:#16A05D"><b>[2018-05-25 01:25:05] [INFO] com.first.uiframework.DriverUtils: 获取元素： 用户菜单下拉框文本值</b></span><br />
                                <span style="color:#FF0000"><b>[2018-05-25 01:25:05] [ERROR] com.first.utils.TestNGListener: 测试用例执行失败</b></span><br />
                  </div>
    

        <a href="javascript:toggleElement('exception-0', 'block')" title="Click to expand/collapse"><b>java.lang.AssertionError: 登录测试失败 expected [true] but found [admin]</b></a><br />
    <div class="stackTrace" id="exception-0">
              org.testng.Assert.fail(Assert.java:96)<br />
              org.testng.Assert.failNotEquals(Assert.java:776)<br />
              org.testng.Assert.assertEqualsImpl(Assert.java:137)<br />
              org.testng.Assert.assertEquals(Assert.java:118)<br />
              com.first.testcases.LoginTest.loginTest01(LoginTest.java:44)<br />
              sun.reflect.NativeMethodAccessorImpl.invoke0(Native Method)<br />
              sun.reflect.NativeMethodAccessorImpl.invoke(Unknown Source)<br />
              sun.reflect.DelegatingMethodAccessorImpl.invoke(Unknown Source)<br />
              java.lang.reflect.Method.invoke(Unknown Source)<br />
              org.testng.internal.MethodInvocationHelper.invokeMethod(MethodInvocationHelper.java:124)<br />
              org.testng.internal.Invoker.invokeMethod(Invoker.java:580)<br />
              org.testng.internal.Invoker.retryFailed(Invoker.java:838)<br />
              org.testng.internal.Invoker.invokeTestMethods(Invoker.java:1009)<br />
              org.testng.internal.TestMethodWorker.invokeTestMethods(TestMethodWorker.java:125)<br />
              org.testng.internal.TestMethodWorker.run(TestMethodWorker.java:109)<br />
              org.testng.TestRunner.privateRun(TestRunner.java:648)<br />
              org.testng.TestRunner.run(TestRunner.java:505)<br />
              org.testng.SuiteRunner.runTest(SuiteRunner.java:455)<br />
              org.testng.SuiteRunner.runSequentially(SuiteRunner.java:450)<br />
              org.testng.SuiteRunner.privateRun(SuiteRunner.java:415)<br />
              org.testng.SuiteRunner.run(SuiteRunner.java:364)<br />
              org.testng.SuiteRunnerWorker.runSuite(SuiteRunnerWorker.java:52)<br />
              org.testng.SuiteRunnerWorker.run(SuiteRunnerWorker.java:84)<br />
              org.testng.TestNG.runSuitesSequentially(TestNG.java:1208)<br />
              org.testng.TestNG.runSuitesLocally(TestNG.java:1137)<br />
              org.testng.TestNG.runSuites(TestNG.java:1049)<br />
              org.testng.TestNG.run(TestNG.java:1017)<br />
              org.testng.remote.AbstractRemoteTestNG.run(AbstractRemoteTestNG.java:114)<br />
              org.testng.remote.RemoteTestNG.initAndRun(RemoteTestNG.java:251)<br />
              org.testng.remote.RemoteTestNG.main(RemoteTestNG.java:77)<br />
                </div>
      </td>
</tr>
<tr>
  <td class="method">
                  loginTest02
      </td>
  <td class="duration">
    2.063s
  </td>
  <td class="result">
        
    
            <div class="testOutput">
                        <span style="color:#16A05D"><b>[2018-05-25 01:25:28] [INFO] com.first.utils.TestNGListener: 测试用例开始执行</b></span><br />
                                <span style="color:#16A05D"><b>[2018-05-25 01:25:29] [INFO] com.first.uiframework.DriverUtils: 打开网址</b></span><br />
                                <span style="color:#FF0000"><b>[2018-05-25 01:25:30] [ERROR] com.first.utils.TestNGListener: 测试用例执行失败</b></span><br />
                  </div>
    

        <a href="javascript:toggleElement('exception-1', 'block')" title="Click to expand/collapse"><b>org.openqa.selenium.NoSuchSessionException: Session ID is null. Using WebDriver after calling quit()?<br/>
Build info: version: &apos;3.9.1&apos;, revision: &apos;63f7b50&apos;, time: &apos;2018-02-07T22:25:02.294Z&apos;<br/>
System info: host: &apos;LAPTOP-D4Q6617H&apos;, ip: &apos;192.168.242.1&apos;, os.name: &apos;Windows 10&apos;, os.arch: &apos;amd64&apos;, os.version: &apos;10.0&apos;, java.version: &apos;1.8.0_73&apos;<br/>
Driver info: driver.version: RemoteWebDriver</b></a><br />
    <div class="stackTrace" id="exception-1">
              org.openqa.selenium.remote.HttpCommandExecutor.execute(HttpCommandExecutor.java:127)<br />
              org.openqa.selenium.remote.service.DriverCommandExecutor.execute(DriverCommandExecutor.java:83)<br />
              org.openqa.selenium.remote.RemoteWebDriver.execute(RemoteWebDriver.java:601)<br />
              org.openqa.selenium.remote.RemoteWebDriver.get(RemoteWebDriver.java:325)<br />
              com.first.uiframework.DriverUtils.openWeb(DriverUtils.java:29)<br />
              com.first.pages.productpages.LoginPage.&lt;init&gt;(LoginPage.java:19)<br />
              com.first.actions.LoginOperate.LoginSuess(LoginOperate.java:22)<br />
              com.first.actions.LoginOperate.getLoginName(LoginOperate.java:30)<br />
              com.first.testcases.LoginTest.loginTest02(LoginTest.java:51)<br />
              sun.reflect.NativeMethodAccessorImpl.invoke0(Native Method)<br />
              sun.reflect.NativeMethodAccessorImpl.invoke(Unknown Source)<br />
              sun.reflect.DelegatingMethodAccessorImpl.invoke(Unknown Source)<br />
              java.lang.reflect.Method.invoke(Unknown Source)<br />
              org.testng.internal.MethodInvocationHelper.invokeMethod(MethodInvocationHelper.java:124)<br />
              org.testng.internal.Invoker.invokeMethod(Invoker.java:580)<br />
              org.testng.internal.Invoker.retryFailed(Invoker.java:838)<br />
              org.testng.internal.Invoker.invokeTestMethods(Invoker.java:1009)<br />
              org.testng.internal.TestMethodWorker.invokeTestMethods(TestMethodWorker.java:125)<br />
              org.testng.internal.TestMethodWorker.run(TestMethodWorker.java:109)<br />
              org.testng.TestRunner.privateRun(TestRunner.java:648)<br />
              org.testng.TestRunner.run(TestRunner.java:505)<br />
              org.testng.SuiteRunner.runTest(SuiteRunner.java:455)<br />
              org.testng.SuiteRunner.runSequentially(SuiteRunner.java:450)<br />
              org.testng.SuiteRunner.privateRun(SuiteRunner.java:415)<br />
              org.testng.SuiteRunner.run(SuiteRunner.java:364)<br />
              org.testng.SuiteRunnerWorker.runSuite(SuiteRunnerWorker.java:52)<br />
              org.testng.SuiteRunnerWorker.run(SuiteRunnerWorker.java:84)<br />
              org.testng.TestNG.runSuitesSequentially(TestNG.java:1208)<br />
              org.testng.TestNG.runSuitesLocally(TestNG.java:1137)<br />
              org.testng.TestNG.runSuites(TestNG.java:1049)<br />
              org.testng.TestNG.run(TestNG.java:1017)<br />
              org.testng.remote.AbstractRemoteTestNG.run(AbstractRemoteTestNG.java:114)<br />
              org.testng.remote.RemoteTestNG.initAndRun(RemoteTestNG.java:251)<br />
              org.testng.remote.RemoteTestNG.main(RemoteTestNG.java:77)<br />
                </div>
      </td>
</tr>
      </table>

  <table class="resultsTable" width="100%">
    <tr><th colspan="3" class="header skipped">Skipped Tests</th></tr>
          <tr>
        <td colspan="3" class="group">com.first.testcases.LoginTest</td>
      </tr>
            
<tr>
  <td class="method">
                  loginTest01
      </td>
  <td class="duration">
    5.258s
  </td>
  <td class="result">
                               
    
            <div class="testOutput">
                        <span style="color:#16A05D"><b>[2018-05-25 01:24:49] [INFO] com.first.utils.TestNGListener: 测试用例开始执行</b></span><br />
                                <span style="color:#16A05D"><b>[2018-05-25 01:24:51] [INFO] com.first.uiframework.DriverUtils: 打开网址</b></span><br />
                                <span style="color:#16A05D"><b>[2018-05-25 01:24:52] [INFO] com.first.uiframework.DriverUtils: 在元素 用户名输入框 输入：admin</b></span><br />
                                <span style="color:#16A05D"><b>[2018-05-25 01:24:52] [INFO] com.first.uiframework.DriverUtils: 在元素 密码输入框 输入：Lv931704912</b></span><br />
                                <span style="color:#16A05D"><b>[2018-05-25 01:24:53] [INFO] com.first.uiframework.DriverUtils: 点击元素 登录按钮</b></span><br />
                                <span style="color:#16A05D"><b>[2018-05-25 01:24:55] [INFO] com.first.uiframework.DriverUtils: 获取元素： 用户菜单下拉框文本值</b></span><br />
                                <span style="color:#16A05D"><b>[2018-05-25 01:24:55] [INFO] com.first.utils.TestngRetry: Running retry for 'loginTest01' on class com.first.utils.TestngRetry Retrying 2 times</b></span><br />
                                <span style="color:#FF0000"><b>[2018-05-25 01:24:55] [ERROR] com.first.utils.TestNGListener: 测试用例被跳过</b></span><br />
                  </div>
    

      </td>
</tr>
<tr>
  <td class="method">
                  loginTest01
      </td>
  <td class="duration">
    5.045s
  </td>
  <td class="result">
                               
    
            <div class="testOutput">
                        <span style="color:#16A05D"><b>[2018-05-25 01:24:38] [INFO] com.first.utils.TestNGListener: 测试用例开始执行</b></span><br />
                                <span style="color:#16A05D"><b>[2018-05-25 01:24:40] [INFO] com.first.uiframework.DriverUtils: 打开网址</b></span><br />
                                <span style="color:#16A05D"><b>[2018-05-25 01:24:41] [INFO] com.first.uiframework.DriverUtils: 在元素 用户名输入框 输入：admin</b></span><br />
                                <span style="color:#16A05D"><b>[2018-05-25 01:24:41] [INFO] com.first.uiframework.DriverUtils: 在元素 密码输入框 输入：Lv931704912</b></span><br />
                                <span style="color:#16A05D"><b>[2018-05-25 01:24:41] [INFO] com.first.uiframework.DriverUtils: 点击元素 登录按钮</b></span><br />
                                <span style="color:#16A05D"><b>[2018-05-25 01:24:43] [INFO] com.first.uiframework.DriverUtils: 获取元素： 用户菜单下拉框文本值</b></span><br />
                                <span style="color:#16A05D"><b>[2018-05-25 01:24:43] [INFO] com.first.utils.TestngRetry: Running retry for 'loginTest01' on class com.first.utils.TestngRetry Retrying 1 times</b></span><br />
                                <span style="color:#FF0000"><b>[2018-05-25 01:24:43] [ERROR] com.first.utils.TestNGListener: 测试用例被跳过</b></span><br />
                  </div>
    

      </td>
</tr>
<tr>
  <td class="method">
                  loginTest02
      </td>
  <td class="duration">
    2.581s
  </td>
  <td class="result">
                               
    
            <div class="testOutput">
                        <span style="color:#16A05D"><b>[2018-05-25 01:25:11] [INFO] com.first.utils.TestNGListener: 测试用例开始执行</b></span><br />
                                <span style="color:#16A05D"><b>[2018-05-25 01:25:13] [INFO] com.first.uiframework.DriverUtils: 打开网址</b></span><br />
                                <span style="color:#16A05D"><b>[2018-05-25 01:25:14] [INFO] com.first.utils.TestngRetry: Running retry for 'loginTest02' on class com.first.utils.TestngRetry Retrying 1 times</b></span><br />
                                <span style="color:#FF0000"><b>[2018-05-25 01:25:14] [ERROR] com.first.utils.TestNGListener: 测试用例被跳过</b></span><br />
                  </div>
    

      </td>
</tr>
<tr>
  <td class="method">
                  loginTest02
      </td>
  <td class="duration">
    2.525s
  </td>
  <td class="result">
                               
    
            <div class="testOutput">
                        <span style="color:#16A05D"><b>[2018-05-25 01:25:19] [INFO] com.first.utils.TestNGListener: 测试用例开始执行</b></span><br />
                                <span style="color:#16A05D"><b>[2018-05-25 01:25:21] [INFO] com.first.uiframework.DriverUtils: 打开网址</b></span><br />
                                <span style="color:#16A05D"><b>[2018-05-25 01:25:22] [INFO] com.first.utils.TestngRetry: Running retry for 'loginTest02' on class com.first.utils.TestngRetry Retrying 2 times</b></span><br />
                                <span style="color:#FF0000"><b>[2018-05-25 01:25:22] [ERROR] com.first.utils.TestNGListener: 测试用例被跳过</b></span><br />
                  </div>
    

      </td>
</tr>
      </table>

  
</body>
</html>
