<html>
<head>
<title>TestNG:  test1</title>
<link href="../testng.css" rel="stylesheet" type="text/css" />
<link href="../my-testng.css" rel="stylesheet" type="text/css" />

<style type="text/css">
.log { display: none;} 
.stack-trace { display: none;} 
</style>
<script type="text/javascript">
<!--
function flip(e) {
  current = e.style.display;
  if (current == 'block') {
    e.style.display = 'none';
    return 0;
  }
  else {
    e.style.display = 'block';
    return 1;
  }
}

function toggleBox(szDivId, elem, msg1, msg2)
{
  var res = -1;  if (document.getElementById) {
    res = flip(document.getElementById(szDivId));
  }
  else if (document.all) {
    // this is the way old msie versions work
    res = flip(document.all[szDivId]);
  }
  if(elem) {
    if(res == 0) elem.innerHTML = msg1; else elem.innerHTML = msg2;
  }

}

function toggleAllBoxes() {
  if (document.getElementsByTagName) {
    d = document.getElementsByTagName('div');
    for (i = 0; i < d.length; i++) {
      if (d[i].className == 'log') {
        flip(d[i]);
      }
    }
  }
}

// -->
</script>

</head>
<body>
<h2 align='center'>test1</h2><table border='1' align="center">
<tr>
<td>Tests passed/Failed/Skipped:</td><td>0/2/4</td>
</tr><tr>
<td>Started on:</td><td>Fri May 25 01:24:35 CST 2018</td>
</tr>
<tr><td>Total time:</td><td>58 seconds (58365 ms)</td>
</tr><tr>
<td>Included groups:</td><td></td>
</tr><tr>
<td>Excluded groups:</td><td></td>
</tr>
</table><p/>
<small><i>(Hover the method name to see the test class name)</i></small><p/>
<table width='100%' border='1' class='invocation-failed'>
<tr><td colspan='4' align='center'><b>FAILED TESTS</b></td></tr>
<tr><td><b>Test method</b></td>
<td width="30%"><b>Exception</b></td>
<td width="10%"><b>Time (seconds)</b></td>
<td><b>Instance</b></td>
</tr>
<tr>
<td title='com.first.testcases.LoginTest.loginTest01()'><b>loginTest01</b><br>Test class: com.first.testcases.LoginTest<br/>
<a href="#Output-1144897090" onClick='toggleBox("Output-1144897090", this, "Show output", "Hide output");'>Show output</a>

<a href="#Output-1144897090" onClick="toggleAllBoxes();">Show all outputs</a>
<div class='log' id="Output-1144897090">
<span style="color:#16A05D"><b>[2018-05-25 01:25:00] [INFO] com.first.utils.TestNGListener: 测试用例开始执行</b></span><br /><br/>
<span style="color:#16A05D"><b>[2018-05-25 01:25:02] [INFO] com.first.uiframework.DriverUtils: 打开网址</b></span><br /><br/>
<span style="color:#16A05D"><b>[2018-05-25 01:25:03] [INFO] com.first.uiframework.DriverUtils: 在元素 用户名输入框 输入：admin</b></span><br /><br/>
<span style="color:#16A05D"><b>[2018-05-25 01:25:03] [INFO] com.first.uiframework.DriverUtils: 在元素 密码输入框 输入：Lv931704912</b></span><br /><br/>
<span style="color:#16A05D"><b>[2018-05-25 01:25:03] [INFO] com.first.uiframework.DriverUtils: 点击元素 登录按钮</b></span><br /><br/>
<span style="color:#16A05D"><b>[2018-05-25 01:25:05] [INFO] com.first.uiframework.DriverUtils: 获取元素： 用户菜单下拉框文本值</b></span><br /><br/>
<span style="color:#FF0000"><b>[2018-05-25 01:25:05] [ERROR] com.first.utils.TestNGListener: 测试用例执行失败</b></span><br /><br/>
</div>
</td>
<td><div><pre>java.lang.AssertionError: 登录测试失败 expected [true] but found [admin]
	at com.first.testcases.LoginTest.loginTest01(LoginTest.java:44)
... Removed 29 stack frames</pre></div><a href='#' onClick='toggleBox("stack-trace1144897090", this, "Click to show all stack frames", "Click to hide stack frames")'>Click to show all stack frames</a>
<div class='stack-trace' id='stack-trace1144897090'><pre>java.lang.AssertionError: 登录测试失败 expected [true] but found [admin]
	at org.testng.Assert.fail(Assert.java:96)
	at org.testng.Assert.failNotEquals(Assert.java:776)
	at org.testng.Assert.assertEqualsImpl(Assert.java:137)
	at org.testng.Assert.assertEquals(Assert.java:118)
	at com.first.testcases.LoginTest.loginTest01(LoginTest.java:44)
	at sun.reflect.NativeMethodAccessorImpl.invoke0(Native Method)
	at sun.reflect.NativeMethodAccessorImpl.invoke(Unknown Source)
	at sun.reflect.DelegatingMethodAccessorImpl.invoke(Unknown Source)
	at java.lang.reflect.Method.invoke(Unknown Source)
	at org.testng.internal.MethodInvocationHelper.invokeMethod(MethodInvocationHelper.java:124)
	at org.testng.internal.Invoker.invokeMethod(Invoker.java:580)
	at org.testng.internal.Invoker.retryFailed(Invoker.java:838)
	at org.testng.internal.Invoker.invokeTestMethods(Invoker.java:1009)
	at org.testng.internal.TestMethodWorker.invokeTestMethods(TestMethodWorker.java:125)
	at org.testng.internal.TestMethodWorker.run(TestMethodWorker.java:109)
	at org.testng.TestRunner.privateRun(TestRunner.java:648)
	at org.testng.TestRunner.run(TestRunner.java:505)
	at org.testng.SuiteRunner.runTest(SuiteRunner.java:455)
	at org.testng.SuiteRunner.runSequentially(SuiteRunner.java:450)
	at org.testng.SuiteRunner.privateRun(SuiteRunner.java:415)
	at org.testng.SuiteRunner.run(SuiteRunner.java:364)
	at org.testng.SuiteRunnerWorker.runSuite(SuiteRunnerWorker.java:52)
	at org.testng.SuiteRunnerWorker.run(SuiteRunnerWorker.java:84)
	at org.testng.TestNG.runSuitesSequentially(TestNG.java:1208)
	at org.testng.TestNG.runSuitesLocally(TestNG.java:1137)
	at org.testng.TestNG.runSuites(TestNG.java:1049)
	at org.testng.TestNG.run(TestNG.java:1017)
	at org.testng.remote.AbstractRemoteTestNG.run(AbstractRemoteTestNG.java:114)
	at org.testng.remote.RemoteTestNG.initAndRun(RemoteTestNG.java:251)
	at org.testng.remote.RemoteTestNG.main(RemoteTestNG.java:77)
</pre></div></td>
<td>4</td>
<td>com.first.testcases.LoginTest@2a798d51</td></tr>
<tr>
<td title='com.first.testcases.LoginTest.loginTest02()'><b>loginTest02</b><br>Test class: com.first.testcases.LoginTest<br/>
<a href="#Output-2008159348" onClick='toggleBox("Output-2008159348", this, "Show output", "Hide output");'>Show output</a>

<a href="#Output-2008159348" onClick="toggleAllBoxes();">Show all outputs</a>
<div class='log' id="Output-2008159348">
<span style="color:#16A05D"><b>[2018-05-25 01:25:28] [INFO] com.first.utils.TestNGListener: 测试用例开始执行</b></span><br /><br/>
<span style="color:#16A05D"><b>[2018-05-25 01:25:29] [INFO] com.first.uiframework.DriverUtils: 打开网址</b></span><br /><br/>
<span style="color:#FF0000"><b>[2018-05-25 01:25:30] [ERROR] com.first.utils.TestNGListener: 测试用例执行失败</b></span><br /><br/>
</div>
</td>
<td><div><pre>org.openqa.selenium.NoSuchSessionException: Session ID is null. Using WebDriver after calling quit()?
Build info: version: &apos;3.9.1&apos;, revision: &apos;63f7b50&apos;, time: &apos;2018-02-07T22:25:02.294Z&apos;
System info: host: &apos;LAPTOP-D4Q6617H&apos;, ip: &apos;192.168.242.1&apos;, os.name: &apos;Windows 10&apos;, os.arch: &apos;amd64&apos;, os.version: &apos;10.0&apos;, java.version: &apos;1.8.0_73&apos;
Driver info: driver.version: RemoteWebDriver
	at org.openqa.selenium.remote.HttpCommandExecutor.execute(HttpCommandExecutor.java:127)
	at org.openqa.selenium.remote.service.DriverCommandExecutor.execute(DriverCommandExecutor.java:83)
	at org.openqa.selenium.remote.RemoteWebDriver.execute(RemoteWebDriver.java:601)
	at org.openqa.selenium.remote.RemoteWebDriver.get(RemoteWebDriver.java:325)
	at com.first.uiframework.DriverUtils.openWeb(DriverUtils.java:29)
	at com.first.pages.productpages.LoginPage.&lt;init&gt;(LoginPage.java:19)
	at com.first.actions.LoginOperate.LoginSuess(LoginOperate.java:22)
	at com.first.actions.LoginOperate.getLoginName(LoginOperate.java:30)
	at com.first.testcases.LoginTest.loginTest02(LoginTest.java:51)
... Removed 25 stack frames</pre></div><a href='#' onClick='toggleBox("stack-trace2008159348", this, "Click to show all stack frames", "Click to hide stack frames")'>Click to show all stack frames</a>
<div class='stack-trace' id='stack-trace2008159348'><pre>org.openqa.selenium.NoSuchSessionException: Session ID is null. Using WebDriver after calling quit()?
Build info: version: &apos;3.9.1&apos;, revision: &apos;63f7b50&apos;, time: &apos;2018-02-07T22:25:02.294Z&apos;
System info: host: &apos;LAPTOP-D4Q6617H&apos;, ip: &apos;192.168.242.1&apos;, os.name: &apos;Windows 10&apos;, os.arch: &apos;amd64&apos;, os.version: &apos;10.0&apos;, java.version: &apos;1.8.0_73&apos;
Driver info: driver.version: RemoteWebDriver
	at org.openqa.selenium.remote.HttpCommandExecutor.execute(HttpCommandExecutor.java:127)
	at org.openqa.selenium.remote.service.DriverCommandExecutor.execute(DriverCommandExecutor.java:83)
	at org.openqa.selenium.remote.RemoteWebDriver.execute(RemoteWebDriver.java:601)
	at org.openqa.selenium.remote.RemoteWebDriver.get(RemoteWebDriver.java:325)
	at com.first.uiframework.DriverUtils.openWeb(DriverUtils.java:29)
	at com.first.pages.productpages.LoginPage.&lt;init&gt;(LoginPage.java:19)
	at com.first.actions.LoginOperate.LoginSuess(LoginOperate.java:22)
	at com.first.actions.LoginOperate.getLoginName(LoginOperate.java:30)
	at com.first.testcases.LoginTest.loginTest02(LoginTest.java:51)
	at sun.reflect.NativeMethodAccessorImpl.invoke0(Native Method)
	at sun.reflect.NativeMethodAccessorImpl.invoke(Unknown Source)
	at sun.reflect.DelegatingMethodAccessorImpl.invoke(Unknown Source)
	at java.lang.reflect.Method.invoke(Unknown Source)
	at org.testng.internal.MethodInvocationHelper.invokeMethod(MethodInvocationHelper.java:124)
	at org.testng.internal.Invoker.invokeMethod(Invoker.java:580)
	at org.testng.internal.Invoker.retryFailed(Invoker.java:838)
	at org.testng.internal.Invoker.invokeTestMethods(Invoker.java:1009)
	at org.testng.internal.TestMethodWorker.invokeTestMethods(TestMethodWorker.java:125)
	at org.testng.internal.TestMethodWorker.run(TestMethodWorker.java:109)
	at org.testng.TestRunner.privateRun(TestRunner.java:648)
	at org.testng.TestRunner.run(TestRunner.java:505)
	at org.testng.SuiteRunner.runTest(SuiteRunner.java:455)
	at org.testng.SuiteRunner.runSequentially(SuiteRunner.java:450)
	at org.testng.SuiteRunner.privateRun(SuiteRunner.java:415)
	at org.testng.SuiteRunner.run(SuiteRunner.java:364)
	at org.testng.SuiteRunnerWorker.runSuite(SuiteRunnerWorker.java:52)
	at org.testng.SuiteRunnerWorker.run(SuiteRunnerWorker.java:84)
	at org.testng.TestNG.runSuitesSequentially(TestNG.java:1208)
	at org.testng.TestNG.runSuitesLocally(TestNG.java:1137)
	at org.testng.TestNG.runSuites(TestNG.java:1049)
	at org.testng.TestNG.run(TestNG.java:1017)
	at org.testng.remote.AbstractRemoteTestNG.run(AbstractRemoteTestNG.java:114)
	at org.testng.remote.RemoteTestNG.initAndRun(RemoteTestNG.java:251)
	at org.testng.remote.RemoteTestNG.main(RemoteTestNG.java:77)
</pre></div></td>
<td>2</td>
<td>com.first.testcases.LoginTest@2a798d51</td></tr>
</table><p>
<table width='100%' border='1' class='invocation-skipped'>
<tr><td colspan='4' align='center'><b>SKIPPED TESTS</b></td></tr>
<tr><td><b>Test method</b></td>
<td width="30%"><b>Exception</b></td>
<td width="10%"><b>Time (seconds)</b></td>
<td><b>Instance</b></td>
</tr>
<tr>
<td title='com.first.testcases.LoginTest.loginTest01()'><b>loginTest01</b><br>Test class: com.first.testcases.LoginTest<br/>
<a href="#Output-1700721442" onClick='toggleBox("Output-1700721442", this, "Show output", "Hide output");'>Show output</a>

<a href="#Output-1700721442" onClick="toggleAllBoxes();">Show all outputs</a>
<div class='log' id="Output-1700721442">
<span style="color:#16A05D"><b>[2018-05-25 01:24:38] [INFO] com.first.utils.TestNGListener: 测试用例开始执行</b></span><br /><br/>
<span style="color:#16A05D"><b>[2018-05-25 01:24:40] [INFO] com.first.uiframework.DriverUtils: 打开网址</b></span><br /><br/>
<span style="color:#16A05D"><b>[2018-05-25 01:24:41] [INFO] com.first.uiframework.DriverUtils: 在元素 用户名输入框 输入：admin</b></span><br /><br/>
<span style="color:#16A05D"><b>[2018-05-25 01:24:41] [INFO] com.first.uiframework.DriverUtils: 在元素 密码输入框 输入：Lv931704912</b></span><br /><br/>
<span style="color:#16A05D"><b>[2018-05-25 01:24:41] [INFO] com.first.uiframework.DriverUtils: 点击元素 登录按钮</b></span><br /><br/>
<span style="color:#16A05D"><b>[2018-05-25 01:24:43] [INFO] com.first.uiframework.DriverUtils: 获取元素： 用户菜单下拉框文本值</b></span><br /><br/>
<span style="color:#16A05D"><b>[2018-05-25 01:24:43] [INFO] com.first.utils.TestngRetry: Running retry for 'loginTest01' on class com.first.utils.TestngRetry Retrying 1 times</b></span><br /><br/>
<span style="color:#FF0000"><b>[2018-05-25 01:24:43] [ERROR] com.first.utils.TestNGListener: 测试用例被跳过</b></span><br /><br/>
</div>
</td>
<td><div><pre>java.lang.AssertionError: 登录测试失败 expected [true] but found [admin]
	at com.first.testcases.LoginTest.loginTest01(LoginTest.java:44)
... Removed 29 stack frames</pre></div><a href='#' onClick='toggleBox("stack-trace1700721442", this, "Click to show all stack frames", "Click to hide stack frames")'>Click to show all stack frames</a>
<div class='stack-trace' id='stack-trace1700721442'><pre>java.lang.AssertionError: 登录测试失败 expected [true] but found [admin]
	at org.testng.Assert.fail(Assert.java:96)
	at org.testng.Assert.failNotEquals(Assert.java:776)
	at org.testng.Assert.assertEqualsImpl(Assert.java:137)
	at org.testng.Assert.assertEquals(Assert.java:118)
	at com.first.testcases.LoginTest.loginTest01(LoginTest.java:44)
	at sun.reflect.NativeMethodAccessorImpl.invoke0(Native Method)
	at sun.reflect.NativeMethodAccessorImpl.invoke(Unknown Source)
	at sun.reflect.DelegatingMethodAccessorImpl.invoke(Unknown Source)
	at java.lang.reflect.Method.invoke(Unknown Source)
	at org.testng.internal.MethodInvocationHelper.invokeMethod(MethodInvocationHelper.java:124)
	at org.testng.internal.Invoker.invokeMethod(Invoker.java:580)
	at org.testng.internal.Invoker.invokeTestMethod(Invoker.java:716)
	at org.testng.internal.Invoker.invokeTestMethods(Invoker.java:988)
	at org.testng.internal.TestMethodWorker.invokeTestMethods(TestMethodWorker.java:125)
	at org.testng.internal.TestMethodWorker.run(TestMethodWorker.java:109)
	at org.testng.TestRunner.privateRun(TestRunner.java:648)
	at org.testng.TestRunner.run(TestRunner.java:505)
	at org.testng.SuiteRunner.runTest(SuiteRunner.java:455)
	at org.testng.SuiteRunner.runSequentially(SuiteRunner.java:450)
	at org.testng.SuiteRunner.privateRun(SuiteRunner.java:415)
	at org.testng.SuiteRunner.run(SuiteRunner.java:364)
	at org.testng.SuiteRunnerWorker.runSuite(SuiteRunnerWorker.java:52)
	at org.testng.SuiteRunnerWorker.run(SuiteRunnerWorker.java:84)
	at org.testng.TestNG.runSuitesSequentially(TestNG.java:1208)
	at org.testng.TestNG.runSuitesLocally(TestNG.java:1137)
	at org.testng.TestNG.runSuites(TestNG.java:1049)
	at org.testng.TestNG.run(TestNG.java:1017)
	at org.testng.remote.AbstractRemoteTestNG.run(AbstractRemoteTestNG.java:114)
	at org.testng.remote.RemoteTestNG.initAndRun(RemoteTestNG.java:251)
	at org.testng.remote.RemoteTestNG.main(RemoteTestNG.java:77)
</pre></div></td>
<td>5</td>
<td>com.first.testcases.LoginTest@2a798d51</td></tr>
<tr>
<td title='com.first.testcases.LoginTest.loginTest01()'><b>loginTest01</b><br>Test class: com.first.testcases.LoginTest<br/>
<a href="#Output-1130551263" onClick='toggleBox("Output-1130551263", this, "Show output", "Hide output");'>Show output</a>

<a href="#Output-1130551263" onClick="toggleAllBoxes();">Show all outputs</a>
<div class='log' id="Output-1130551263">
<span style="color:#16A05D"><b>[2018-05-25 01:24:49] [INFO] com.first.utils.TestNGListener: 测试用例开始执行</b></span><br /><br/>
<span style="color:#16A05D"><b>[2018-05-25 01:24:51] [INFO] com.first.uiframework.DriverUtils: 打开网址</b></span><br /><br/>
<span style="color:#16A05D"><b>[2018-05-25 01:24:52] [INFO] com.first.uiframework.DriverUtils: 在元素 用户名输入框 输入：admin</b></span><br /><br/>
<span style="color:#16A05D"><b>[2018-05-25 01:24:52] [INFO] com.first.uiframework.DriverUtils: 在元素 密码输入框 输入：Lv931704912</b></span><br /><br/>
<span style="color:#16A05D"><b>[2018-05-25 01:24:53] [INFO] com.first.uiframework.DriverUtils: 点击元素 登录按钮</b></span><br /><br/>
<span style="color:#16A05D"><b>[2018-05-25 01:24:55] [INFO] com.first.uiframework.DriverUtils: 获取元素： 用户菜单下拉框文本值</b></span><br /><br/>
<span style="color:#16A05D"><b>[2018-05-25 01:24:55] [INFO] com.first.utils.TestngRetry: Running retry for 'loginTest01' on class com.first.utils.TestngRetry Retrying 2 times</b></span><br /><br/>
<span style="color:#FF0000"><b>[2018-05-25 01:24:55] [ERROR] com.first.utils.TestNGListener: 测试用例被跳过</b></span><br /><br/>
</div>
</td>
<td><div><pre>java.lang.AssertionError: 登录测试失败 expected [true] but found [admin]
	at com.first.testcases.LoginTest.loginTest01(LoginTest.java:44)
... Removed 29 stack frames</pre></div><a href='#' onClick='toggleBox("stack-trace1130551263", this, "Click to show all stack frames", "Click to hide stack frames")'>Click to show all stack frames</a>
<div class='stack-trace' id='stack-trace1130551263'><pre>java.lang.AssertionError: 登录测试失败 expected [true] but found [admin]
	at org.testng.Assert.fail(Assert.java:96)
	at org.testng.Assert.failNotEquals(Assert.java:776)
	at org.testng.Assert.assertEqualsImpl(Assert.java:137)
	at org.testng.Assert.assertEquals(Assert.java:118)
	at com.first.testcases.LoginTest.loginTest01(LoginTest.java:44)
	at sun.reflect.NativeMethodAccessorImpl.invoke0(Native Method)
	at sun.reflect.NativeMethodAccessorImpl.invoke(Unknown Source)
	at sun.reflect.DelegatingMethodAccessorImpl.invoke(Unknown Source)
	at java.lang.reflect.Method.invoke(Unknown Source)
	at org.testng.internal.MethodInvocationHelper.invokeMethod(MethodInvocationHelper.java:124)
	at org.testng.internal.Invoker.invokeMethod(Invoker.java:580)
	at org.testng.internal.Invoker.retryFailed(Invoker.java:838)
	at org.testng.internal.Invoker.invokeTestMethods(Invoker.java:1009)
	at org.testng.internal.TestMethodWorker.invokeTestMethods(TestMethodWorker.java:125)
	at org.testng.internal.TestMethodWorker.run(TestMethodWorker.java:109)
	at org.testng.TestRunner.privateRun(TestRunner.java:648)
	at org.testng.TestRunner.run(TestRunner.java:505)
	at org.testng.SuiteRunner.runTest(SuiteRunner.java:455)
	at org.testng.SuiteRunner.runSequentially(SuiteRunner.java:450)
	at org.testng.SuiteRunner.privateRun(SuiteRunner.java:415)
	at org.testng.SuiteRunner.run(SuiteRunner.java:364)
	at org.testng.SuiteRunnerWorker.runSuite(SuiteRunnerWorker.java:52)
	at org.testng.SuiteRunnerWorker.run(SuiteRunnerWorker.java:84)
	at org.testng.TestNG.runSuitesSequentially(TestNG.java:1208)
	at org.testng.TestNG.runSuitesLocally(TestNG.java:1137)
	at org.testng.TestNG.runSuites(TestNG.java:1049)
	at org.testng.TestNG.run(TestNG.java:1017)
	at org.testng.remote.AbstractRemoteTestNG.run(AbstractRemoteTestNG.java:114)
	at org.testng.remote.RemoteTestNG.initAndRun(RemoteTestNG.java:251)
	at org.testng.remote.RemoteTestNG.main(RemoteTestNG.java:77)
</pre></div></td>
<td>5</td>
<td>com.first.testcases.LoginTest@2a798d51</td></tr>
<tr>
<td title='com.first.testcases.LoginTest.loginTest02()'><b>loginTest02</b><br>Test class: com.first.testcases.LoginTest<br/>
<a href="#Output-834824701" onClick='toggleBox("Output-834824701", this, "Show output", "Hide output");'>Show output</a>

<a href="#Output-834824701" onClick="toggleAllBoxes();">Show all outputs</a>
<div class='log' id="Output-834824701">
<span style="color:#16A05D"><b>[2018-05-25 01:25:11] [INFO] com.first.utils.TestNGListener: 测试用例开始执行</b></span><br /><br/>
<span style="color:#16A05D"><b>[2018-05-25 01:25:13] [INFO] com.first.uiframework.DriverUtils: 打开网址</b></span><br /><br/>
<span style="color:#16A05D"><b>[2018-05-25 01:25:14] [INFO] com.first.utils.TestngRetry: Running retry for 'loginTest02' on class com.first.utils.TestngRetry Retrying 1 times</b></span><br /><br/>
<span style="color:#FF0000"><b>[2018-05-25 01:25:14] [ERROR] com.first.utils.TestNGListener: 测试用例被跳过</b></span><br /><br/>
</div>
</td>
<td><div><pre>org.openqa.selenium.NoSuchSessionException: Session ID is null. Using WebDriver after calling quit()?
Build info: version: &apos;3.9.1&apos;, revision: &apos;63f7b50&apos;, time: &apos;2018-02-07T22:25:02.294Z&apos;
System info: host: &apos;LAPTOP-D4Q6617H&apos;, ip: &apos;192.168.242.1&apos;, os.name: &apos;Windows 10&apos;, os.arch: &apos;amd64&apos;, os.version: &apos;10.0&apos;, java.version: &apos;1.8.0_73&apos;
Driver info: driver.version: RemoteWebDriver
	at org.openqa.selenium.remote.HttpCommandExecutor.execute(HttpCommandExecutor.java:127)
	at org.openqa.selenium.remote.service.DriverCommandExecutor.execute(DriverCommandExecutor.java:83)
	at org.openqa.selenium.remote.RemoteWebDriver.execute(RemoteWebDriver.java:601)
	at org.openqa.selenium.remote.RemoteWebDriver.get(RemoteWebDriver.java:325)
	at com.first.uiframework.DriverUtils.openWeb(DriverUtils.java:29)
	at com.first.pages.productpages.LoginPage.&lt;init&gt;(LoginPage.java:19)
	at com.first.actions.LoginOperate.LoginSuess(LoginOperate.java:22)
	at com.first.actions.LoginOperate.getLoginName(LoginOperate.java:30)
	at com.first.testcases.LoginTest.loginTest02(LoginTest.java:51)
... Removed 25 stack frames</pre></div><a href='#' onClick='toggleBox("stack-trace834824701", this, "Click to show all stack frames", "Click to hide stack frames")'>Click to show all stack frames</a>
<div class='stack-trace' id='stack-trace834824701'><pre>org.openqa.selenium.NoSuchSessionException: Session ID is null. Using WebDriver after calling quit()?
Build info: version: &apos;3.9.1&apos;, revision: &apos;63f7b50&apos;, time: &apos;2018-02-07T22:25:02.294Z&apos;
System info: host: &apos;LAPTOP-D4Q6617H&apos;, ip: &apos;192.168.242.1&apos;, os.name: &apos;Windows 10&apos;, os.arch: &apos;amd64&apos;, os.version: &apos;10.0&apos;, java.version: &apos;1.8.0_73&apos;
Driver info: driver.version: RemoteWebDriver
	at org.openqa.selenium.remote.HttpCommandExecutor.execute(HttpCommandExecutor.java:127)
	at org.openqa.selenium.remote.service.DriverCommandExecutor.execute(DriverCommandExecutor.java:83)
	at org.openqa.selenium.remote.RemoteWebDriver.execute(RemoteWebDriver.java:601)
	at org.openqa.selenium.remote.RemoteWebDriver.get(RemoteWebDriver.java:325)
	at com.first.uiframework.DriverUtils.openWeb(DriverUtils.java:29)
	at com.first.pages.productpages.LoginPage.&lt;init&gt;(LoginPage.java:19)
	at com.first.actions.LoginOperate.LoginSuess(LoginOperate.java:22)
	at com.first.actions.LoginOperate.getLoginName(LoginOperate.java:30)
	at com.first.testcases.LoginTest.loginTest02(LoginTest.java:51)
	at sun.reflect.NativeMethodAccessorImpl.invoke0(Native Method)
	at sun.reflect.NativeMethodAccessorImpl.invoke(Unknown Source)
	at sun.reflect.DelegatingMethodAccessorImpl.invoke(Unknown Source)
	at java.lang.reflect.Method.invoke(Unknown Source)
	at org.testng.internal.MethodInvocationHelper.invokeMethod(MethodInvocationHelper.java:124)
	at org.testng.internal.Invoker.invokeMethod(Invoker.java:580)
	at org.testng.internal.Invoker.invokeTestMethod(Invoker.java:716)
	at org.testng.internal.Invoker.invokeTestMethods(Invoker.java:988)
	at org.testng.internal.TestMethodWorker.invokeTestMethods(TestMethodWorker.java:125)
	at org.testng.internal.TestMethodWorker.run(TestMethodWorker.java:109)
	at org.testng.TestRunner.privateRun(TestRunner.java:648)
	at org.testng.TestRunner.run(TestRunner.java:505)
	at org.testng.SuiteRunner.runTest(SuiteRunner.java:455)
	at org.testng.SuiteRunner.runSequentially(SuiteRunner.java:450)
	at org.testng.SuiteRunner.privateRun(SuiteRunner.java:415)
	at org.testng.SuiteRunner.run(SuiteRunner.java:364)
	at org.testng.SuiteRunnerWorker.runSuite(SuiteRunnerWorker.java:52)
	at org.testng.SuiteRunnerWorker.run(SuiteRunnerWorker.java:84)
	at org.testng.TestNG.runSuitesSequentially(TestNG.java:1208)
	at org.testng.TestNG.runSuitesLocally(TestNG.java:1137)
	at org.testng.TestNG.runSuites(TestNG.java:1049)
	at org.testng.TestNG.run(TestNG.java:1017)
	at org.testng.remote.AbstractRemoteTestNG.run(AbstractRemoteTestNG.java:114)
	at org.testng.remote.RemoteTestNG.initAndRun(RemoteTestNG.java:251)
	at org.testng.remote.RemoteTestNG.main(RemoteTestNG.java:77)
</pre></div></td>
<td>2</td>
<td>com.first.testcases.LoginTest@2a798d51</td></tr>
<tr>
<td title='com.first.testcases.LoginTest.loginTest02()'><b>loginTest02</b><br>Test class: com.first.testcases.LoginTest<br/>
<a href="#Output-854989361" onClick='toggleBox("Output-854989361", this, "Show output", "Hide output");'>Show output</a>

<a href="#Output-854989361" onClick="toggleAllBoxes();">Show all outputs</a>
<div class='log' id="Output-854989361">
<span style="color:#16A05D"><b>[2018-05-25 01:25:19] [INFO] com.first.utils.TestNGListener: 测试用例开始执行</b></span><br /><br/>
<span style="color:#16A05D"><b>[2018-05-25 01:25:21] [INFO] com.first.uiframework.DriverUtils: 打开网址</b></span><br /><br/>
<span style="color:#16A05D"><b>[2018-05-25 01:25:22] [INFO] com.first.utils.TestngRetry: Running retry for 'loginTest02' on class com.first.utils.TestngRetry Retrying 2 times</b></span><br /><br/>
<span style="color:#FF0000"><b>[2018-05-25 01:25:22] [ERROR] com.first.utils.TestNGListener: 测试用例被跳过</b></span><br /><br/>
</div>
</td>
<td><div><pre>org.openqa.selenium.NoSuchSessionException: Session ID is null. Using WebDriver after calling quit()?
Build info: version: &apos;3.9.1&apos;, revision: &apos;63f7b50&apos;, time: &apos;2018-02-07T22:25:02.294Z&apos;
System info: host: &apos;LAPTOP-D4Q6617H&apos;, ip: &apos;192.168.242.1&apos;, os.name: &apos;Windows 10&apos;, os.arch: &apos;amd64&apos;, os.version: &apos;10.0&apos;, java.version: &apos;1.8.0_73&apos;
Driver info: driver.version: RemoteWebDriver
	at org.openqa.selenium.remote.HttpCommandExecutor.execute(HttpCommandExecutor.java:127)
	at org.openqa.selenium.remote.service.DriverCommandExecutor.execute(DriverCommandExecutor.java:83)
	at org.openqa.selenium.remote.RemoteWebDriver.execute(RemoteWebDriver.java:601)
	at org.openqa.selenium.remote.RemoteWebDriver.get(RemoteWebDriver.java:325)
	at com.first.uiframework.DriverUtils.openWeb(DriverUtils.java:29)
	at com.first.pages.productpages.LoginPage.&lt;init&gt;(LoginPage.java:19)
	at com.first.actions.LoginOperate.LoginSuess(LoginOperate.java:22)
	at com.first.actions.LoginOperate.getLoginName(LoginOperate.java:30)
	at com.first.testcases.LoginTest.loginTest02(LoginTest.java:51)
... Removed 25 stack frames</pre></div><a href='#' onClick='toggleBox("stack-trace854989361", this, "Click to show all stack frames", "Click to hide stack frames")'>Click to show all stack frames</a>
<div class='stack-trace' id='stack-trace854989361'><pre>org.openqa.selenium.NoSuchSessionException: Session ID is null. Using WebDriver after calling quit()?
Build info: version: &apos;3.9.1&apos;, revision: &apos;63f7b50&apos;, time: &apos;2018-02-07T22:25:02.294Z&apos;
System info: host: &apos;LAPTOP-D4Q6617H&apos;, ip: &apos;192.168.242.1&apos;, os.name: &apos;Windows 10&apos;, os.arch: &apos;amd64&apos;, os.version: &apos;10.0&apos;, java.version: &apos;1.8.0_73&apos;
Driver info: driver.version: RemoteWebDriver
	at org.openqa.selenium.remote.HttpCommandExecutor.execute(HttpCommandExecutor.java:127)
	at org.openqa.selenium.remote.service.DriverCommandExecutor.execute(DriverCommandExecutor.java:83)
	at org.openqa.selenium.remote.RemoteWebDriver.execute(RemoteWebDriver.java:601)
	at org.openqa.selenium.remote.RemoteWebDriver.get(RemoteWebDriver.java:325)
	at com.first.uiframework.DriverUtils.openWeb(DriverUtils.java:29)
	at com.first.pages.productpages.LoginPage.&lt;init&gt;(LoginPage.java:19)
	at com.first.actions.LoginOperate.LoginSuess(LoginOperate.java:22)
	at com.first.actions.LoginOperate.getLoginName(LoginOperate.java:30)
	at com.first.testcases.LoginTest.loginTest02(LoginTest.java:51)
	at sun.reflect.NativeMethodAccessorImpl.invoke0(Native Method)
	at sun.reflect.NativeMethodAccessorImpl.invoke(Unknown Source)
	at sun.reflect.DelegatingMethodAccessorImpl.invoke(Unknown Source)
	at java.lang.reflect.Method.invoke(Unknown Source)
	at org.testng.internal.MethodInvocationHelper.invokeMethod(MethodInvocationHelper.java:124)
	at org.testng.internal.Invoker.invokeMethod(Invoker.java:580)
	at org.testng.internal.Invoker.retryFailed(Invoker.java:838)
	at org.testng.internal.Invoker.invokeTestMethods(Invoker.java:1009)
	at org.testng.internal.TestMethodWorker.invokeTestMethods(TestMethodWorker.java:125)
	at org.testng.internal.TestMethodWorker.run(TestMethodWorker.java:109)
	at org.testng.TestRunner.privateRun(TestRunner.java:648)
	at org.testng.TestRunner.run(TestRunner.java:505)
	at org.testng.SuiteRunner.runTest(SuiteRunner.java:455)
	at org.testng.SuiteRunner.runSequentially(SuiteRunner.java:450)
	at org.testng.SuiteRunner.privateRun(SuiteRunner.java:415)
	at org.testng.SuiteRunner.run(SuiteRunner.java:364)
	at org.testng.SuiteRunnerWorker.runSuite(SuiteRunnerWorker.java:52)
	at org.testng.SuiteRunnerWorker.run(SuiteRunnerWorker.java:84)
	at org.testng.TestNG.runSuitesSequentially(TestNG.java:1208)
	at org.testng.TestNG.runSuitesLocally(TestNG.java:1137)
	at org.testng.TestNG.runSuites(TestNG.java:1049)
	at org.testng.TestNG.run(TestNG.java:1017)
	at org.testng.remote.AbstractRemoteTestNG.run(AbstractRemoteTestNG.java:114)
	at org.testng.remote.RemoteTestNG.initAndRun(RemoteTestNG.java:251)
	at org.testng.remote.RemoteTestNG.main(RemoteTestNG.java:77)
</pre></div></td>
<td>2</td>
<td>com.first.testcases.LoginTest@2a798d51</td></tr>
</table><p>
</body>
</html>