<?xml version="1.0" encoding="UTF-8"?>
<!-- Generated by org.testng.reporters.JUnitXMLReporter -->
<testsuite hostname="LAPTOP-D4Q6617H" ignored="0" name="test1" tests="6" failures="2" timestamp="24 五月 2018 17:25:34 GMT" time="58.365" errors="0">
  <testcase name="loginTest01" time="5.045" classname="com.first.testcases.LoginTest">
    <skipped/>
  </testcase> <!-- loginTest01 -->
  <testcase name="loginTest01" time="5.258" classname="com.first.testcases.LoginTest">
    <skipped/>
  </testcase> <!-- loginTest01 -->
  <testcase name="loginTest01" time="4.727" classname="com.first.testcases.LoginTest">
    <failure type="java.lang.AssertionError" message="登录测试失败 expected [true] but found [admin]">
      <![CDATA[java.lang.AssertionError: 登录测试失败 expected [true] but found [admin]
at com.first.testcases.LoginTest.loginTest01(LoginTest.java:44)
... Removed 29 stack frames]]>
    </failure>
  </testcase> <!-- loginTest01 -->
  <testcase name="loginTest02" time="2.581" classname="com.first.testcases.LoginTest">
    <skipped/>
  </testcase> <!-- loginTest02 -->
  <testcase name="loginTest02" time="2.525" classname="com.first.testcases.LoginTest">
    <skipped/>
  </testcase> <!-- loginTest02 -->
  <testcase name="loginTest02" time="2.063" classname="com.first.testcases.LoginTest">
    <failure type="org.openqa.selenium.NoSuchSessionException" message="Session ID is null. Using WebDriver after calling quit()?
Build info: version: &amp;apos;3.9.1&amp;apos;, revision: &amp;apos;63f7b50&amp;apos;, time: &amp;apos;2018-02-07T22:25:02.294Z&amp;apos;
System info: host: &amp;apos;LAPTOP-D4Q6617H&amp;apos;, ip: &amp;apos;192.168.242.1&amp;apos;, os.name: &amp;apos;Windows 10&amp;apos;, os.arch: &amp;apos;amd64&amp;apos;, os.version: &amp;apos;10.0&amp;apos;, java.version: &amp;apos;1.8.0_73&amp;apos;
Driver info: driver.version: RemoteWebDriver">
      <![CDATA[org.openqa.selenium.NoSuchSessionException: Session ID is null. Using WebDriver after calling quit()?
Build info: version: '3.9.1', revision: '63f7b50', time: '2018-02-07T22:25:02.294Z'
System info: host: 'LAPTOP-D4Q6617H', ip: '192.168.242.1', os.name: 'Windows 10', os.arch: 'amd64', os.version: '10.0', java.version: '1.8.0_73'
Driver info: driver.version: RemoteWebDriver
at org.openqa.selenium.remote.HttpCommandExecutor.execute(HttpCommandExecutor.java:127)
at org.openqa.selenium.remote.service.DriverCommandExecutor.execute(DriverCommandExecutor.java:83)
at org.openqa.selenium.remote.RemoteWebDriver.execute(RemoteWebDriver.java:601)
at org.openqa.selenium.remote.RemoteWebDriver.get(RemoteWebDriver.java:325)
at com.first.uiframework.DriverUtils.openWeb(DriverUtils.java:29)
at com.first.pages.productpages.LoginPage.<init>(LoginPage.java:19)
at com.first.actions.LoginOperate.LoginSuess(LoginOperate.java:22)
at com.first.actions.LoginOperate.getLoginName(LoginOperate.java:30)
at com.first.testcases.LoginTest.loginTest02(LoginTest.java:51)
... Removed 25 stack frames]]>
    </failure>
  </testcase> <!-- loginTest02 -->
</testsuite> <!-- test1 -->
